<?xml version="1.0" encoding="UTF-8"?>
<testsuite name="in.reqres.tests.LoginTests" tests="3" skipped="0" failures="0" errors="0" timestamp="2024-01-19T18:42:35" hostname="ishishkina-C02FGHA4MD6M" time="3.179">
  <properties/>
  <testcase name="unsuccessfulLoginCodeTest()" classname="in.reqres.tests.LoginTests" time="2.505"/>
  <testcase name="successfulLoginTest()" classname="in.reqres.tests.LoginTests" time="0.377"/>
  <testcase name="unsuccessfulLoginTest()" classname="in.reqres.tests.LoginTests" time="0.293"/>
  <system-out><![CDATA[Request method:	POST
Request URI:	https://reqres.in/api/login
Proxy:			<none>
Request params:	<none>
Query params:	<none>
Form params:	<none>
Path params:	<none>
Headers:		Accept=*/*
				Content-Type=application/json
Cookies:		<none>
Multiparts:		<none>
Body:
{
    "email": "sydney@fife"
}
Request method:	POST
Request URI:	https://reqres.in/api/login
Proxy:			<none>
Request params:	<none>
Query params:	<none>
Form params:	<none>
Path params:	<none>
Headers:		Accept=*/*
				Content-Type=application/json
Cookies:		<none>
Multiparts:		<none>
Body:
{
    "email": "eve.holt@reqres.in",
    "password": "pistol"
}
{
    "token": "QpwL5tke4Pnpja7X4"
}
Request method:	POST
Request URI:	https://reqres.in/api/login
Proxy:			<none>
Request params:	<none>
Query params:	<none>
Form params:	<none>
Path params:	<none>
Headers:		Accept=*/*
				Content-Type=application/json
Cookies:		<none>
Multiparts:		<none>
Body:
{
    "email": "sydney@fife"
}
{
    "error": "Missing password"
}
]]></system-out>
  <system-err><![CDATA[]]></system-err>
</testsuite>
