<?xml version="1.0" encoding="UTF-8"?>
<testsuite name="in.reqres.tests.UserUpdateTests" tests="4" skipped="0" failures="0" errors="0" timestamp="2024-01-19T18:42:39" hostname="ishishkina-C02FGHA4MD6M" time="1.188">
  <properties/>
  <testcase name="userUpdatePutCodeTest()" classname="in.reqres.tests.UserUpdateTests" time="0.315"/>
  <testcase name="userUpdatePatchCodeTest()" classname="in.reqres.tests.UserUpdateTests" time="0.292"/>
  <testcase name="userPutUpdateTest()" classname="in.reqres.tests.UserUpdateTests" time="0.286"/>
  <testcase name="userPatchUpdateTest()" classname="in.reqres.tests.UserUpdateTests" time="0.291"/>
  <system-out><![CDATA[Request method:	PUT
Request URI:	https://reqres.in/api/users/2
Proxy:			<none>
Request params:	<none>
Query params:	<none>
Form params:	<none>
Path params:	<none>
Headers:		Accept=*/*
				Content-Type=application/json
Cookies:		<none>
Multiparts:		<none>
Body:
{
    "name": "morpheus",
    "job": "zion resident"
}
{
    "name": "morpheus",
    "job": "zion resident",
    "updatedAt": "2024-01-19T18:42:39.746Z"
}
Request method:	PUT
Request URI:	https://reqres.in/api/users/2
Proxy:			<none>
Request params:	<none>
Query params:	<none>
Form params:	<none>
Path params:	<none>
Headers:		Accept=*/*
				Content-Type=application/json
Cookies:		<none>
Multiparts:		<none>
Body:
{
    "name": "morpheus",
    "job": "zion resident"
}
{
    "name": "morpheus",
    "job": "zion resident",
    "updatedAt": "2024-01-19T18:42:40.046Z"
}
Request method:	PUT
Request URI:	https://reqres.in/api/users/2
Proxy:			<none>
Request params:	<none>
Query params:	<none>
Form params:	<none>
Path params:	<none>
Headers:		Accept=*/*
				Content-Type=application/json
Cookies:		<none>
Multiparts:		<none>
Body:
{
    "name": "morpheus",
    "job": "zion resident"
}
{
    "name": "morpheus",
    "job": "zion resident",
    "updatedAt": "2024-01-19T18:42:40.334Z"
}
Request method:	PATCH
Request URI:	https://reqres.in/api/users/2
Proxy:			<none>
Request params:	<none>
Query params:	<none>
Form params:	<none>
Path params:	<none>
Headers:		Accept=*/*
				Content-Type=application/json
Cookies:		<none>
Multiparts:		<none>
Body:
{
    "name": "morpheus",
    "job": "zion resident"
}
{
    "name": "morpheus",
    "job": "zion resident",
    "updatedAt": "2024-01-19T18:42:40.618Z"
}
]]></system-out>
  <system-err><![CDATA[]]></system-err>
</testsuite>
